<?xml version="1.0" encoding="UTF-8"?>
<!-- Generated by org.testng.reporters.JUnitXMLReporter -->
<testsuite ignored="0" hostname="LAPTOP-LHT308UH" failures="1" tests="2" name="Default test" time="10.97" errors="0" timestamp="2024-03-27T21:09:22 IST">
  <testcase classname="io.cucumber.testng.AbstractTestNGCucumberTests" name="runScenario" time="4.507"/>
  <testcase classname="io.cucumber.testng.AbstractTestNGCucumberTests" name="runScenario" time="3.666">
    <failure type="java.lang.NullPointerException" message="Cannot invoke &amp;quot;org.openqa.selenium.WebElement.click()&amp;quot; because &amp;quot;this.box&amp;quot; is null">
      <![CDATA[java.lang.NullPointerException: Cannot invoke "org.openqa.selenium.WebElement.click()" because "this.box" is null
at pages.HomePage.searchItem(HomePage.java:100)
at stepsClasse.HomePageSteps.user_search_the_iteam(HomePageSteps.java:64)
at ✽.user search the iteam "mobile"(file:///C:/Att/Amazon/src/test/resources/steps/HomePag.feature:20)
]]>
    </failure>
  </testcase> <!-- runScenario -->
</testsuite> <!-- Default test -->
