<?xml version="1.0" encoding="UTF-8"?>
<testng-results ignored="0" total="2" passed="1" failed="1" skipped="0">
  <reporter-output>
  </reporter-output>
  <suite started-at="2024-03-27T21:09:11 IST" name="Default suite" finished-at="2024-03-27T21:09:22 IST" duration-ms="10970">
    <groups>
      <group name="cucumber">
        <method signature="AbstractTestNGCucumberTests.runScenario(io.cucumber.testng.PickleWrapper,io.cucumber.testng.FeatureWrapper)[pri:0, instance:runner.HomePageRunner@5b7a5baa]" name="runScenario" class="io.cucumber.testng.AbstractTestNGCucumberTests"/>
      </group> <!-- cucumber -->
    </groups>
    <test started-at="2024-03-27T21:09:11 IST" name="Default test" finished-at="2024-03-27T21:09:22 IST" duration-ms="10970">
      <class name="runner.HomePageRunner">
        <test-method is-config="true" signature="setUpClass(org.testng.ITestContext)[pri:0, instance:runner.HomePageRunner@5b7a5baa]" started-at="2024-03-27T21:09:11 IST" name="setUpClass" finished-at="2024-03-27T21:09:12 IST" duration-ms="479" status="PASS">
          <params>
            <param index="0">
              <value>
                <![CDATA[org.testng.TestRunner@7f42e06e]]>
              </value>
            </param>
          </params>
          <reporter-output>
          </reporter-output>
        </test-method> <!-- setUpClass -->
        <test-method signature="runScenario(io.cucumber.testng.PickleWrapper,io.cucumber.testng.FeatureWrapper)[pri:0, instance:runner.HomePageRunner@5b7a5baa]" started-at="2024-03-27T21:09:12 IST" name="runScenario" description="Runs Cucumber Scenarios" data-provider="scenarios" finished-at="2024-03-27T21:09:16 IST" duration-ms="4507" status="PASS">
          <params>
            <param index="0">
              <value>
                <![CDATA["validate title"]]>
              </value>
            </param>
            <param index="1">
              <value>
                <![CDATA["HomePage Functionality"]]>
              </value>
            </param>
          </params>
          <reporter-output>
          </reporter-output>
        </test-method> <!-- runScenario -->
        <test-method signature="runScenario(io.cucumber.testng.PickleWrapper,io.cucumber.testng.FeatureWrapper)[pri:0, instance:runner.HomePageRunner@5b7a5baa]" started-at="2024-03-27T21:09:16 IST" name="runScenario" description="Runs Cucumber Scenarios" data-provider="scenarios" finished-at="2024-03-27T21:09:20 IST" duration-ms="3666" status="FAIL">
          <params>
            <param index="0">
              <value>
                <![CDATA["search the item"]]>
              </value>
            </param>
            <param index="1">
              <value>
                <![CDATA["HomePage Functionality"]]>
              </value>
            </param>
          </params>
          <exception class="java.lang.NullPointerException">
            <message>
              <![CDATA[Cannot invoke "org.openqa.selenium.WebElement.click()" because "this.box" is null]]>
            </message>
            <full-stacktrace>
              <![CDATA[java.lang.NullPointerException: Cannot invoke "org.openqa.selenium.WebElement.click()" because "this.box" is null
at pages.HomePage.searchItem(HomePage.java:100)
at stepsClasse.HomePageSteps.user_search_the_iteam(HomePageSteps.java:64)
at ✽.user search the iteam "mobile"(file:///C:/Att/Amazon/src/test/resources/steps/HomePag.feature:20)
]]>
            </full-stacktrace>
          </exception> <!-- java.lang.NullPointerException -->
          <reporter-output>
          </reporter-output>
        </test-method> <!-- runScenario -->
        <test-method is-config="true" signature="tearDownClass()[pri:0, instance:runner.HomePageRunner@5b7a5baa]" started-at="2024-03-27T21:09:20 IST" name="tearDownClass" finished-at="2024-03-27T21:09:22 IST" duration-ms="2275" status="PASS">
          <reporter-output>
          </reporter-output>
        </test-method> <!-- tearDownClass -->
      </class> <!-- runner.HomePageRunner -->
    </test> <!-- Default test -->
  </suite> <!-- Default suite -->
</testng-results>
