<?xml version="1.0" encoding="UTF-8"?>
<!-- Generated by org.testng.reporters.JUnitReportReporter -->
<testsuite hostname="LAPTOP-LHT308UH" failures="0" tests="2" name="runner.HomePageRunner" time="8.173" errors="1" timestamp="2024-03-27T21:09:22 IST" skipped="0">
  <testcase classname="runner.HomePageRunner" name="runScenario" time="3.666">
    <error message="Cannot invoke &quot;org.openqa.selenium.WebElement.click()&quot; because &quot;this.box&quot; is null" type="java.lang.NullPointerException">
      <![CDATA[java.lang.NullPointerException: Cannot invoke "org.openqa.selenium.WebElement.click()" because "this.box" is null
at pages.HomePage.searchItem(HomePage.java:100)
at stepsClasse.HomePageSteps.user_search_the_iteam(HomePageSteps.java:64)
at ✽.user search the iteam "mobile"(file:///C:/Att/Amazon/src/test/resources/steps/HomePag.feature:20)
]]>
    </error>
  </testcase> <!-- runScenario -->
  <system-out/>
  <testcase classname="runner.HomePageRunner" name="runScenario" time="4.507"/>
  <system-out/>
</testsuite> <!-- runner.HomePageRunner -->
