<?xml version="1.0" encoding="UTF-8"?>
<!-- Generated by org.testng.reporters.JUnitReportReporter -->
<testsuite hostname="LAPTOP-LHT308UH" failures="0" tests="2" name="runner.HomePageRunner" time="11.604" errors="1" timestamp="2024-07-03T22:43:08 IST" skipped="0">
  <testcase classname="runner.HomePageRunner" name="runScenario" time="3.801">
    <error message="Cannot invoke &quot;org.openqa.selenium.WebElement.isDisplayed()&quot; because &quot;element&quot; is null" type="java.lang.NullPointerException">
      <![CDATA[java.lang.NullPointerException: Cannot invoke "org.openqa.selenium.WebElement.isDisplayed()" because "element" is null
at org.openqa.selenium.support.ui.ExpectedConditions.elementIfVisible(ExpectedConditions.java:304)
at org.openqa.selenium.support.ui.ExpectedConditions.access$000(ExpectedConditions.java:37)
at org.openqa.selenium.support.ui.ExpectedConditions$10.apply(ExpectedConditions.java:290)
at org.openqa.selenium.support.ui.ExpectedConditions$10.apply(ExpectedConditions.java:287)
at org.openqa.selenium.support.ui.FluentWait.until(FluentWait.java:205)
at pages.HomePage.verifyCartIcon(HomePage.java:67)
at stepsClasse.HomePageSteps.cart_icon_should_get_displayed(HomePageSteps.java:33)
at ✽.Cart icon should get displayed(file:///C:/Att/Amazon/src/test/resources/steps/HomePag.feature:9)
]]>
    </error>
  </testcase> <!-- runScenario -->
  <system-out/>
  <testcase classname="runner.HomePageRunner" name="runScenario" time="7.803"/>
  <system-out/>
</testsuite> <!-- runner.HomePageRunner -->
